<?xml version="1.0" encoding="UTF-8"?>
<!--
    Copyright 2017 The MIT Internet Trust Consortium
   
    Portions copyright 2011-2013 The MITRE Corporation
   
    Licensed under the Apache License, Version 2.0 (the "License");
    you may not use this file except in compliance with the License.
    You may obtain a copy of the License at
   
      http://www.apache.org/licenses/LICENSE-2.0
   
    Unless required by applicable law or agreed to in writing, software
    distributed under the License is distributed on an "AS IS" BASIS,
    WITHOUT WARRANTIES OR CONDITIONS OF ANY KIND, either express or implied.
    See the License for the specific language governing permissions and
    limitations under the License.
 -->
<beans xmlns="http://www.springframework.org/schema/beans"
	xmlns:xsi="http://www.w3.org/2001/XMLSchema-instance"
	xmlns:jwt-signer="http://www.mitre.org/schema/openid-connect/jwt-signer"
	xsi:schemaLocation=
	   "http://www.springframework.org/schema/beans           http://www.springframework.org/schema/beans/spring-beans-3.0.xsd
	    http://www.mitre.org/schema/openid-connect/jwt-signer http://www.mitre.org/schema/openid-connect/jwt-signer/jwt-signer-1.0.xsd" >

    <!-- Creates an in-memory database populated with test jdbc -->    
    <bean id="dataSource" class="org.mitre.jdbc.datasource.H2DataSourceFactory">
        <property name="databaseName" value="connect"/>
        <property name="scriptLocations" >
            <list>
            	<!-- OpenID Connect Data model -->
                <value>file:db/tables/accesstoken.sql</value>
                <value>file:db/tables/address.sql</value>
                <value>file:db/tables/approvedsite.sql</value>
                <value>file:db/tables/authorities.sql</value>
                <value>file:db/tables/clientdetails.sql</value>
                <value>file:db/tables/event.sql</value>
                <value>file:db/tables/granttypes.sql</value>
                <value>file:db/tables/idtoken.sql</value>
				<value>file:db/tables/idtokenclaims.sql</value>
				<value>file:db/tables/refreshtoken.sql</value>
				<value>file:db/tables/scope.sql</value>
				<value>file:db/tables/userinfo.sql</value>
				<value>file:db/tables/whitelistedsite.sql</value>      
                <!-- Preloaded data -->
                <value>classpath:test-data.sql</value> 
            </list>
        </property>
        <property name="dateConversionPatterns">
            <map>
                <entry key="yyyy/mm/dd hh24:mi:ss" value="yyy/MM/dd HH:mm:ss" />
                <entry key="yyyy-mm-dd" value="yyyy-MM-dd" />
            </map>
        </property>
    </bean>
 
</beans>
